Traceback (most recent call last):
  File "/home/gslee/anaconda3/lib/python3.9/site-packages/jupyter_cache/executors/utils.py", line 51, in single_nb_execution
    executenb(
  File "/home/gslee/anaconda3/lib/python3.9/site-packages/nbclient/client.py", line 1112, in execute
    return NotebookClient(nb=nb, resources=resources, km=km, **kwargs).execute()
  File "/home/gslee/anaconda3/lib/python3.9/site-packages/nbclient/util.py", line 74, in wrapped
    return just_run(coro(*args, **kwargs))
  File "/home/gslee/anaconda3/lib/python3.9/site-packages/nbclient/util.py", line 53, in just_run
    return loop.run_until_complete(coro)
  File "/home/gslee/anaconda3/lib/python3.9/asyncio/base_events.py", line 642, in run_until_complete
    return future.result()
  File "/home/gslee/anaconda3/lib/python3.9/site-packages/nbclient/client.py", line 553, in async_execute
    await self.async_execute_cell(
  File "/home/gslee/anaconda3/lib/python3.9/site-packages/nbclient/client.py", line 857, in async_execute_cell
    self._check_raise_for_error(cell, exec_reply)
  File "/home/gslee/anaconda3/lib/python3.9/site-packages/nbclient/client.py", line 760, in _check_raise_for_error
    raise CellExecutionError.from_cell_and_msg(cell, exec_reply_content)
nbclient.exceptions.CellExecutionError: An error occurred while executing the following cell:
------------------
g1 = AndGate("G1")
g1.get_output()
------------------

[0;31m---------------------------------------------------------------------------[0m
[0;31mStdinNotImplementedError[0m                  Traceback (most recent call last)
[0;32m/tmp/ipykernel_706/198125051.py[0m in [0;36m<module>[0;34m[0m
[1;32m      1[0m [0mg1[0m [0;34m=[0m [0mAndGate[0m[0;34m([0m[0;34m"G1"[0m[0;34m)[0m[0;34m[0m[0;34m[0m[0m
[0;32m----> 2[0;31m [0mg1[0m[0;34m.[0m[0mget_output[0m[0;34m([0m[0;34m)[0m[0;34m[0m[0;34m[0m[0m
[0m
[0;32m/tmp/ipykernel_706/251577436.py[0m in [0;36mget_output[0;34m(self)[0m
[1;32m      8[0m [0;34m[0m[0m
[1;32m      9[0m     [0;32mdef[0m [0mget_output[0m[0;34m([0m[0mself[0m[0;34m)[0m[0;34m:[0m[0;34m[0m[0;34m[0m[0m
[0;32m---> 10[0;31m         [0mself[0m[0;34m.[0m[0moutput[0m [0;34m=[0m [0mself[0m[0;34m.[0m[0mperform_gate_logic[0m[0;34m([0m[0;34m)[0m  [0;31m# ìžì‹ í´ëž˜ìŠ¤ì—ì„œ êµ¬í˜„[0m[0;34m[0m[0;34m[0m[0m
[0m[1;32m     11[0m         [0;32mreturn[0m [0mself[0m[0;34m.[0m[0moutput[0m[0;34m[0m[0;34m[0m[0m

[0;32m/tmp/ipykernel_706/2893033421.py[0m in [0;36mperform_gate_logic[0;34m(self)[0m
[1;32m      4[0m [0;34m[0m[0m
[1;32m      5[0m     [0;32mdef[0m [0mperform_gate_logic[0m[0;34m([0m[0mself[0m[0;34m)[0m[0;34m:[0m[0;34m[0m[0;34m[0m[0m
[0;32m----> 6[0;31m         [0ma[0m [0;34m=[0m [0mself[0m[0;34m.[0m[0mget_pin_a[0m[0;34m([0m[0;34m)[0m   [0;31m# ì²«ì§¸ í•€ ê°’[0m[0;34m[0m[0;34m[0m[0m
[0m[1;32m      7[0m         [0mb[0m [0;34m=[0m [0mself[0m[0;34m.[0m[0mget_pin_b[0m[0;34m([0m[0;34m)[0m   [0;31m# ë‘˜ì§¸ í•€ ê°’[0m[0;34m[0m[0;34m[0m[0m
[1;32m      8[0m [0;34m[0m[0m

[0;32m/tmp/ipykernel_706/3996098182.py[0m in [0;36mget_pin_a[0;34m(self)[0m
[1;32m      8[0m     [0;31m# ì²«ì§¸ ìž…ë ¥ê°’ ë°›ê¸° ë° ë°˜í™˜[0m[0;34m[0m[0;34m[0m[0m
[1;32m      9[0m     [0;32mdef[0m [0mget_pin_a[0m[0;34m([0m[0mself[0m[0;34m)[0m[0;34m:[0m[0;34m[0m[0;34m[0m[0m
[0;32m---> 10[0;31m         [0;32mreturn[0m [0mint[0m[0;34m([0m[0minput[0m[0;34m([0m[0;34mf"{self.get_label()} ê²Œì´íŠ¸ì— ëŒ€í•œ ì²«ì§¸ í•€ ê°’ ìž…ë ¥: "[0m[0;34m)[0m[0;34m)[0m[0;34m[0m[0;34m[0m[0m
[0m[1;32m     11[0m [0;34m[0m[0m
[1;32m     12[0m     [0;31m# ë‘˜ì§¸ ìž…ë ¥ê°’ ë°›ê¸° ë° ë°˜í™˜[0m[0;34m[0m[0;34m[0m[0m

[0;32m~/anaconda3/lib/python3.9/site-packages/ipykernel/kernelbase.py[0m in [0;36mraw_input[0;34m(self, prompt)[0m
[1;32m   1001[0m         """
[1;32m   1002[0m         [0;32mif[0m [0;32mnot[0m [0mself[0m[0;34m.[0m[0m_allow_stdin[0m[0;34m:[0m[0;34m[0m[0;34m[0m[0m
[0;32m-> 1003[0;31m             raise StdinNotImplementedError(
[0m[1;32m   1004[0m                 [0;34m"raw_input was called, but this frontend does not support input requests."[0m[0;34m[0m[0;34m[0m[0m
[1;32m   1005[0m             )

[0;31mStdinNotImplementedError[0m: raw_input was called, but this frontend does not support input requests.
StdinNotImplementedError: raw_input was called, but this frontend does not support input requests.

